<?xml version="1.0" encoding="UTF-8"?>
<!-- Generated by org.testng.reporters.JUnitXMLReporter -->
<testsuite ignored="0" hostname="Tamilarasan" failures="0" tests="3" name="Default test" time="14.337" errors="0" timestamp="2026-02-23T00:10:19 IST">
  <testcase classname="com.dataprovider.DataProvider1" name="login" time="5.665"/>
  <testcase classname="com.dataprovider.DataProvider1" name="login" time="3.945"/>
  <testcase classname="com.dataprovider.DataProvider1" name="login" time="4.617"/>
</testsuite> <!-- Default test -->
