<?xml version="1.0" encoding="UTF-8"?>
<testng-results ignored="0" total="3" passed="3" failed="0" skipped="0">
  <reporter-output>
  </reporter-output>
  <suite started-at="2026-02-23T00:20:28 IST" name="Suite" finished-at="2026-02-23T00:20:48 IST" duration-ms="20016">
    <groups>
    </groups>
    <test started-at="2026-02-23T00:20:28 IST" name="Test" finished-at="2026-02-23T00:20:48 IST" duration-ms="20016">
      <class name="com.dataprovider.DataProvider1">
        <test-method signature="login(java.lang.String,java.lang.String,java.lang.String)[pri:0, instance:com.dataprovider.DataProvider1@6fa51cd4]" started-at="2026-02-23T00:20:28 IST" name="login" data-provider="login" finished-at="2026-02-23T00:20:34 IST" duration-ms="5894" status="PASS">
          <params>
            <param index="0">
              <value>
                <![CDATA[student]]>
              </value>
            </param>
            <param index="1">
              <value>
                <![CDATA[pass]]>
              </value>
            </param>
            <param index="2">
              <value>
                <![CDATA[Invalid]]>
              </value>
            </param>
          </params>
          <reporter-output>
          </reporter-output>
        </test-method> <!-- login -->
        <test-method is-config="true" signature="teardown()[pri:0, instance:com.dataprovider.DataProvider1@6fa51cd4]" started-at="2026-02-23T00:20:34 IST" name="teardown" finished-at="2026-02-23T00:20:35 IST" duration-ms="358" status="PASS">
          <reporter-output>
          </reporter-output>
        </test-method> <!-- teardown -->
        <test-method signature="login(java.lang.String,java.lang.String,java.lang.String)[pri:0, instance:com.dataprovider.DataProvider1@6fa51cd4]" started-at="2026-02-23T00:20:35 IST" name="login" data-provider="login" finished-at="2026-02-23T00:20:42 IST" duration-ms="6901" status="PASS">
          <params>
            <param index="0">
              <value>
                <![CDATA[pass]]>
              </value>
            </param>
            <param index="1">
              <value>
                <![CDATA[dasdsa]]>
              </value>
            </param>
            <param index="2">
              <value>
                <![CDATA[Invalid]]>
              </value>
            </param>
          </params>
          <reporter-output>
          </reporter-output>
        </test-method> <!-- login -->
        <test-method is-config="true" signature="teardown()[pri:0, instance:com.dataprovider.DataProvider1@6fa51cd4]" started-at="2026-02-23T00:20:42 IST" name="teardown" finished-at="2026-02-23T00:20:42 IST" duration-ms="311" status="PASS">
          <reporter-output>
          </reporter-output>
        </test-method> <!-- teardown -->
        <test-method signature="login(java.lang.String,java.lang.String,java.lang.String)[pri:0, instance:com.dataprovider.DataProvider1@6fa51cd4]" started-at="2026-02-23T00:20:42 IST" name="login" data-provider="login" finished-at="2026-02-23T00:20:47 IST" duration-ms="5024" status="PASS">
          <params>
            <param index="0">
              <value>
                <![CDATA[student]]>
              </value>
            </param>
            <param index="1">
              <value>
                <![CDATA[Password123]]>
              </value>
            </param>
            <param index="2">
              <value>
                <![CDATA[Valid]]>
              </value>
            </param>
          </params>
          <reporter-output>
          </reporter-output>
        </test-method> <!-- login -->
        <test-method is-config="true" signature="teardown()[pri:0, instance:com.dataprovider.DataProvider1@6fa51cd4]" started-at="2026-02-23T00:20:47 IST" name="teardown" finished-at="2026-02-23T00:20:48 IST" duration-ms="317" status="PASS">
          <reporter-output>
          </reporter-output>
        </test-method> <!-- teardown -->
      </class> <!-- com.dataprovider.DataProvider1 -->
    </test> <!-- Test -->
  </suite> <!-- Suite -->
</testng-results>
