<?xml version="1.0" encoding="UTF-8"?>
<!-- Generated by org.testng.reporters.JUnitReportReporter -->
<testsuite hostname="Tamilarasan" failures="0" tests="3" name="com.dataprovider.DataProvider1" time="18.805" errors="0" timestamp="2026-02-23T00:20:48 IST" skipped="0">
  <testcase classname="com.dataprovider.DataProvider1" name="login" time="5.382"/>
  <testcase classname="com.dataprovider.DataProvider1" name="login" time="6.211"/>
  <testcase classname="com.dataprovider.DataProvider1" name="login" time="7.212"/>
</testsuite> <!-- com.dataprovider.DataProvider1 -->
