<?xml version="1.0" encoding="UTF-8"?>
<!-- Generated by org.testng.reporters.JUnitXMLReporter -->
<testsuite ignored="2" hostname="Tamilarasan" failures="0" tests="4" name="Test1" time="0.054" errors="0" timestamp="2026-02-21T13:13:48 IST">
  <testcase classname="com.testNG1.Anotaions1" name="t1" time="0.006"/>
  <testcase classname="com.testNG1.Class2" name="t4" time="0.001"/>
  <testcase classname="com.testNG1.Class3" name="t5" time="0.0"/>
  <testcase classname="com.testNG1.Class3" name="t6" time="0.001"/>
  <testcase classname="com.testNG1.Anotaions1" name="t2" time="0.0">
    <ignored/>
  </testcase> <!-- t2 -->
  <testcase classname="com.testNG1.Class2" name="t3" time="0.0">
    <ignored/>
  </testcase> <!-- t3 -->
</testsuite> <!-- Test1 -->
