<?xml version="1.0" encoding="UTF-8"?>
<!-- Generated by org.testng.reporters.JUnitXMLReporter -->
<testsuite ignored="0" hostname="Tamilarasan" failures="0" tests="3" name="Test" time="20.016" errors="0" timestamp="2026-02-23T00:20:48 IST">
  <testcase classname="com.dataprovider.DataProvider1" name="login" time="5.894"/>
  <testcase classname="com.dataprovider.DataProvider1" name="login" time="6.901"/>
  <testcase classname="com.dataprovider.DataProvider1" name="login" time="5.024"/>
</testsuite> <!-- Test -->
